<?xml version="1.0" encoding="UTF-8"?>
<testng-results ignored="0" total="2" passed="2" failed="0" skipped="0">
  <reporter-output>
    <line>
      <![CDATA[createCustomer]]>
    </line>
    <line>
      <![CDATA[deleteCustomer]]>
    </line>
  </reporter-output>
  <suite started-at="2023-08-26T12:57:49 IST" name="Default suite" finished-at="2023-08-26T12:57:49 IST" duration-ms="51">
    <groups>
    </groups>
    <test started-at="2023-08-26T12:57:49 IST" name="Default test" finished-at="2023-08-26T12:57:49 IST" duration-ms="51">
      <class name="com.actitime.testscript.CustomerModule">
        <test-method signature="createCustomer()[pri:0, instance:com.actitime.testscript.CustomerModule@25fb8912]" started-at="2023-08-26T12:57:49 IST" name="createCustomer" finished-at="2023-08-26T12:57:49 IST" duration-ms="6" status="PASS">
          <reporter-output>
            <line>
              <![CDATA[createCustomer]]>
            </line>
          </reporter-output>
        </test-method> <!-- createCustomer -->
        <test-method signature="deleteCustomer()[pri:0, instance:com.actitime.testscript.CustomerModule@25fb8912]" started-at="2023-08-26T12:57:49 IST" name="deleteCustomer" finished-at="2023-08-26T12:57:49 IST" duration-ms="2" status="PASS">
          <reporter-output>
            <line>
              <![CDATA[deleteCustomer]]>
            </line>
          </reporter-output>
        </test-method> <!-- deleteCustomer -->
      </class> <!-- com.actitime.testscript.CustomerModule -->
    </test> <!-- Default test -->
  </suite> <!-- Default suite -->
</testng-results>
